<?xml version="1.0" encoding="UTF-8" ?>
<testsuite tests="1" failures="1" name="com.ily.springMvcProject.services.TestServicesTest" time="0.002" errors="0" skipped="0">
  <properties>
[...]
</properties>
  <testcase classname="com.ily.springMvcProject.services.TestServicesTest" name="com.ily.springMvcProject.services.TestServicesTest.testGetName" time="0.002">
    <failure message="org/junit/Assert" type="java.lang.NoClassDefFoundError">java.lang.NoClassDefFoundError: org/junit/Assert
	at com.ily.springMvcProject.services.TestServicesTest.testGetName(TestServicesTest.java:17)
Caused by: java.lang.ClassNotFoundException: org.junit.Assert
	at java.net.URLClassLoader.findClass(URLClassLoader.java:382)
	at java.lang.ClassLoader.loadClass(ClassLoader.java:418)
	at sun.misc.Launcher$AppClassLoader.loadClass(Launcher.java:355)
	at java.lang.ClassLoader.loadClass(ClassLoader.java:351)
	... 19 more
</failure>
  </testcase>
</testsuite>